{"logTime": "1125/131320", "correlationVector":"LQVP7jkUgyCTEssvXmal4b.1","action":"SyncServerConnectionManagerRequest", "result":"SYNC_SERVER_OK", "context":{"environment":"Prod_SoutheastAsia_000j", "migrationStage":"NotStarted", "server":"GENERAL0300001Z"}}
{"logTime": "1125/131323", "correlationVector":"LQVP7jkUgyCTEssvXmal4b.2","action":"AAD.Mip.Unpack", "result":"Success", "context":MIP_CLOUD_COMMERCIAL:Success}
{"logTime": "1125/131323", "correlationVector":"LQVP7jkUgyCTEssvXmal4b.3","action":"AAD.GetKeyResponse", "result":"Success", "context":Keys=4.LastKeyStatus=Normal. 2024-10-28 11:18:02 +0530.State=None. Tags: Current_encryption_keys_tag = dQkg77+9UzAF77+977+9L++/vWFE77+9DBvvv70T77+9TAFtCgfvv73vv73vv73vv73vv73vv719, Updated_current_encryption_keys_tag = Empty}
{"logTime": "1125/131323", "correlationVector":"LQVP7jkUgyCTEssvXmal4b","action":"Initial GetUpdates", "result":"", "context":Reason: NEW_CLIENT. cV=LQVP7jkUgyCTEssvXmal4b}
{"logTime": "1125/131323", "correlationVector":"LQVP7jkUgyCTEssvXmal4b.4","action":"GetUpdates Response", "result":"Success", "context":Received 1 update(s). cV=LQVP7jkUgyCTEssvXmal4b.0;server=GENERAL0300001Z;cloudType=Multitenant;environment=Prod_SoutheastAsia_000j;migrationStage=NotStarted}
{"logTime": "1125/131323", "correlationVector":"Z9SgeYyoTDIfwqtNSwRS88","action":"Initial GetUpdates", "result":"", "context":Reason: NEW_CLIENT. cV=Z9SgeYyoTDIfwqtNSwRS88}
{"logTime": "1125/131323", "correlationVector":"Z9SgeYyoTDIfwqtNSwRS88.1","action":"SyncServerConnectionManagerRequest", "result":"SYNC_SERVER_OK", "context":{"environment":"Prod_SoutheastAsia_000j", "migrationStage":"NotStarted", "server":"GENERAL01000003"}}
{"logTime": "1125/131323", "correlationVector":"Z9SgeYyoTDIfwqtNSwRS88.2","action":"GetUpdates Response", "result":"Success", "context":Received 55 update(s). cV=Z9SgeYyoTDIfwqtNSwRS88.0;server=GENERAL01000003;cloudType=Multitenant;environment=Prod_SoutheastAsia_000j;migrationStage=NotStarted}
{"logTime": "1125/131323", "correlationVector":"K2d/TKm/GcFi9p8bjUJg7Y","action":"Initial GetUpdates", "result":"", "context":Reason: NEW_CLIENT. cV=K2d/TKm/GcFi9p8bjUJg7Y}
{"logTime": "1125/131323", "correlationVector":"K2d/TKm/GcFi9p8bjUJg7Y.1","action":"SyncServerConnectionManagerRequest", "result":"SYNC_SERVER_OK", "context":{"environment":"Prod_SoutheastAsia_000j", "migrationStage":"NotStarted", "server":"GENERAL0300001L"}}
{"logTime": "1125/131323", "correlationVector":"K2d/TKm/GcFi9p8bjUJg7Y.2","action":"GetUpdates Response", "result":"Success", "context":Received 6 update(s). cV=K2d/TKm/GcFi9p8bjUJg7Y.0;server=GENERAL0300001L;cloudType=Multitenant;environment=Prod_SoutheastAsia_000j;migrationStage=NotStarted}
{"logTime": "1125/131323", "correlationVector":"C5hChl9TE9PC7PoztstF7a","action":"Initial GetUpdates", "result":"", "context":Reason: NEW_CLIENT. cV=C5hChl9TE9PC7PoztstF7a}
{"logTime": "1125/131323", "correlationVector":"C5hChl9TE9PC7PoztstF7a.1","action":"SyncServerConnectionManagerRequest", "result":"SYNC_SERVER_OK", "context":{"environment":"Prod_SoutheastAsia_000j", "migrationStage":"NotStarted", "server":"GENERAL01000010"}}
{"logTime": "1125/131323", "correlationVector":"C5hChl9TE9PC7PoztstF7a.2","action":"GetUpdates Response", "result":"Success", "context":Received 44 update(s). cV=C5hChl9TE9PC7PoztstF7a.0;server=GENERAL01000010;cloudType=Multitenant;environment=Prod_SoutheastAsia_000j;migrationStage=NotStarted}
{"logTime": "1125/131323", "correlationVector":"R3oK5K22qJelgnaKSakZRu","action":"Normal GetUpdate request", "result":"", "context":cV=R3oK5K22qJelgnaKSakZRu
Nudged types: Sessions, Device Info, User Consents
Refresh requested types: Bookmarks, Preferences, Passwords, Autofill Profiles, Autofill, Typed URLs, Extensions, Sessions, Extension settings, History Delete Directives, Device Info, User Consents, Send Tab To Self, Web Apps, Collection, Edge E Drop, Edge Hub App Usage, Edge Tab Group, Edge Wallet, Encryption Keys}
{"logTime": "1125/131324", "correlationVector":"R3oK5K22qJelgnaKSakZRu.1","action":"SyncServerConnectionManagerRequest", "result":"SYNC_SERVER_OK", "context":{"environment":"Prod_SoutheastAsia_000j", "migrationStage":"NotStarted", "server":"GENERAL03000012"}}
{"logTime": "1125/131324", "correlationVector":"R3oK5K22qJelgnaKSakZRu.2","action":"GetUpdates Response", "result":"Success", "context":Received 0 update(s). cV=R3oK5K22qJelgnaKSakZRu.0;server=GENERAL03000012;cloudType=Multitenant;environment=Prod_SoutheastAsia_000j;migrationStage=NotStarted}
{"logTime": "1125/131324", "correlationVector":"jJCz2Rs5u2blul5NAZlIX3","action":"DoCompareDataConsistency requsted types: ", "result":"Bookmarks, Preferences, Passwords, Typed URLs, Extensions, Extension settings, History Delete Directives, Send Tab To Self, Web Apps, Collection, Edge E Drop, Edge Tab Group, Edge Wallet, Encryption Keys"}
{"logTime": "1125/131324", "correlationVector":"jJCz2Rs5u2blul5NAZlIX3.0","action":"CompareDataConsistency result: ", "result":"Compare result: Encryption Keys is consistent. local entities count is: 1 local entities hash is: cFwqMGAuSaMYgDK5lWUb2XZ3zyI="}
{"logTime": "1125/131324", "correlationVector":"jJCz2Rs5u2blul5NAZlIX3.1","action":"CompareDataConsistency result: ", "result":"Compare result: Bookmarks is consistent. local entities count is: 4 local entities hash is: 47vwQ4JYffcpLBKNsYm/FQfcXK8="}
{"logTime": "1125/131324", "correlationVector":"jJCz2Rs5u2blul5NAZlIX3.2","action":"CompareDataConsistency result: ", "result":"Compare result: Preferences is consistent. local entities count is: 47 local entities hash is: 9mEk831rvV12dHt3iG7lU2QLEQc="}
{"logTime": "1125/131324", "correlationVector":"jJCz2Rs5u2blul5NAZlIX3.3","action":"CompareDataConsistency result: ", "result":"Compare result: Passwords is consistent. local entities count is: 5 local entities hash is: hm72GJZVGv3yHbdo9I9cvNLdrrc="}
{"logTime": "1125/131324", "correlationVector":"jJCz2Rs5u2blul5NAZlIX3.4","action":"CompareDataConsistency result: ", "result":"Server did not send this Typed URLs local entities count is: 1 local entities hash is: +GNI/PP07D4dwY7jutfTofjSjUs="}
{"logTime": "1125/131324", "correlationVector":"jJCz2Rs5u2blul5NAZlIX3.5","action":"CompareDataConsistency result: ", "result":"Compare result: Extensions is consistent. local entities count is: 0 local entities hash is: "}
{"logTime": "1125/131324", "correlationVector":"jJCz2Rs5u2blul5NAZlIX3.6","action":"CompareDataConsistency result: ", "result":"Compare result: Extension settings is consistent. local entities count is: 0 local entities hash is: "}
{"logTime": "1125/131324", "correlationVector":"jJCz2Rs5u2blul5NAZlIX3.7","action":"CompareDataConsistency result: ", "result":"Compare result: History Delete Directives is consistent. local entities count is: 0 local entities hash is: "}
{"logTime": "1125/131324", "correlationVector":"jJCz2Rs5u2blul5NAZlIX3.8","action":"CompareDataConsistency result: ", "result":"Server did not send this Send Tab To Self local entities count is: 0 local entities hash is: "}
{"logTime": "1125/131324", "correlationVector":"jJCz2Rs5u2blul5NAZlIX3.9","action":"CompareDataConsistency result: ", "result":"Compare result: Web Apps is consistent. local entities count is: 0 local entities hash is: "}
{"logTime": "1125/131324", "correlationVector":"jJCz2Rs5u2blul5NAZlIX3.10","action":"CompareDataConsistency result: ", "result":"Compare result: Collection is consistent. local entities count is: 0 local entities hash is: "}
{"logTime": "1125/131324", "correlationVector":"jJCz2Rs5u2blul5NAZlIX3.11","action":"CompareDataConsistency result: ", "result":"Compare result: Edge E Drop is consistent. local entities count is: 0 local entities hash is: "}
{"logTime": "1125/131324", "correlationVector":"jJCz2Rs5u2blul5NAZlIX3.12","action":"CompareDataConsistency result: ", "result":"Compare result: Edge Tab Group is consistent. local entities count is: 0 local entities hash is: "}
{"logTime": "1125/131324", "correlationVector":"jJCz2Rs5u2blul5NAZlIX3.13","action":"CompareDataConsistency result: ", "result":"Compare result: Edge Wallet is consistent. local entities count is: 0 local entities hash is: "}
{"logTime": "1125/131324", "correlationVector":"8fFfYW7F6/ubYK+kCWqMfO","action":"Commit Request", "result":"", "context":Item count: 5
Contributing types: Sessions, Device Info, User Consents}
{"logTime": "1125/131324", "correlationVector":"8fFfYW7F6/ubYK+kCWqMfO.1","action":"SyncServerConnectionManagerRequest", "result":"SYNC_SERVER_OK", "context":{"environment":"Prod_SoutheastAsia_000j", "migrationStage":"NotStarted", "server":"GENERAL0300002W"}}
{"logTime": "1125/131324", "correlationVector":"8fFfYW7F6/ubYK+kCWqMfO.2","action":"Commit Response", "result":"Success", "context":Result: Success. cV=8fFfYW7F6/ubYK+kCWqMfO.0;server=GENERAL0300002W;cloudType=Multitenant;environment=Prod_SoutheastAsia_000j;migrationStage=NotStarted}
{"logTime": "1125/131324", "correlationVector":"","action":"DIAGNOSTIC_REQUEST|v1/diagnosticData/Diagnostic.SendCheckResult()|SUCCESS", "result":""}
{"logTime": "1125/131327", "correlationVector":"y9gcrFbNA198l0guCM4mX2","action":"Commit Request", "result":"", "context":Item count: 6
Contributing types: Preferences, Passwords}
{"logTime": "1125/131328", "correlationVector":"y9gcrFbNA198l0guCM4mX2.1","action":"SyncServerConnectionManagerRequest", "result":"SYNC_SERVER_OK", "context":{"environment":"Prod_SoutheastAsia_000j", "migrationStage":"NotStarted", "server":"GENERAL0300001W"}}
{"logTime": "1125/131328", "correlationVector":"y9gcrFbNA198l0guCM4mX2.2","action":"Commit Response", "result":"Success", "context":Result: Success. cV=y9gcrFbNA198l0guCM4mX2.0;server=GENERAL0300001W;cloudType=Multitenant;environment=Prod_SoutheastAsia_000j;migrationStage=NotStarted}
{"logTime": "1125/131820", "correlationVector":"UEYmK31TJG/8CPGHe/1bY5","action":"Normal GetUpdate request", "result":"", "context":cV=UEYmK31TJG/8CPGHe/1bY5
Refresh requested types: Bookmarks, Preferences, Passwords, Autofill Profiles, Autofill, Typed URLs, Extensions, Sessions, Extension settings, History Delete Directives, Device Info, User Consents, Send Tab To Self, Web Apps, Collection, Edge E Drop, Edge Hub App Usage, Edge Tab Group, Edge Wallet, Encryption Keys}
{"logTime": "1125/131820", "correlationVector":"UEYmK31TJG/8CPGHe/1bY5.1","action":"SyncServerConnectionManagerRequest", "result":"SYNC_SERVER_OK", "context":{"environment":"Prod_SoutheastAsia_000j", "migrationStage":"NotStarted", "server":"GENERAL0300002O"}}
{"logTime": "1125/131820", "correlationVector":"UEYmK31TJG/8CPGHe/1bY5.2","action":"GetUpdates Response", "result":"Success", "context":Received 9 update(s). cV=UEYmK31TJG/8CPGHe/1bY5.0;server=GENERAL0300002O;cloudType=Multitenant;environment=Prod_SoutheastAsia_000j;migrationStage=NotStarted}
