2024-11-25 13:13:18.718: [INFO][Sync] Reset engine, reason: 8
2024-11-25 13:13:18.718: [INFO][Sync] Stopped: Bookmarks
2024-11-25 13:13:18.718: [INFO][Sync] Stopped: Preferences
2024-11-25 13:13:18.718: [INFO][Sync] Stopped: Passwords
2024-11-25 13:13:18.718: [INFO][Sync] Stopped: Autofill Profiles
2024-11-25 13:13:18.718: [INFO][Sync] Stopped: Autofill
2024-11-25 13:13:18.718: [INFO][Sync] Stopped: Typed URLs
2024-11-25 13:13:18.718: [INFO][Sync] Stopped: Extensions
2024-11-25 13:13:18.718: [INFO][Sync] Stopped: Sessions
2024-11-25 13:13:18.718: [INFO][Sync] Stopped: Extension settings
2024-11-25 13:13:18.718: [INFO][Sync] Stopped: History Delete Directives
2024-11-25 13:13:18.718: [INFO][Sync] Stopped: Device Info
2024-11-25 13:13:18.718: [INFO][Sync] Stopped: User Consents
2024-11-25 13:13:18.718: [INFO][Sync] Stopped: Send Tab To Self
2024-11-25 13:13:18.718: [INFO][Sync] Stopped: Web Apps
2024-11-25 13:13:18.718: [INFO][Sync] Stopped: History
2024-11-25 13:13:18.718: [INFO][Sync] Stopped: Collection
2024-11-25 13:13:18.718: [INFO][Sync] Stopped: Edge E Drop
2024-11-25 13:13:18.718: [INFO][Sync] Stopped: Edge Hub App Usage
2024-11-25 13:13:18.718: [INFO][Sync] Stopped: Edge Tab Group
2024-11-25 13:13:18.718: [INFO][Sync] Stopped: Edge Wallet
2024-11-25 13:13:18.718: [INFO][Sync] SyncState after authenticated was: NotSignedIn
2024-11-25 13:13:18.848: [INFO][Sync] Reset engine, reason: 8
2024-11-25 13:13:18.849: [INFO][Sync] Stopped: Bookmarks
2024-11-25 13:13:18.849: [INFO][Sync] Stopped: Preferences
2024-11-25 13:13:18.849: [INFO][Sync] Stopped: Passwords
2024-11-25 13:13:18.849: [INFO][Sync] Stopped: Autofill Profiles
2024-11-25 13:13:18.849: [INFO][Sync] Stopped: Autofill
2024-11-25 13:13:18.849: [INFO][Sync] Stopped: Typed URLs
2024-11-25 13:13:18.849: [INFO][Sync] Stopped: Extensions
2024-11-25 13:13:18.849: [INFO][Sync] Stopped: Sessions
2024-11-25 13:13:18.849: [INFO][Sync] Stopped: Extension settings
2024-11-25 13:13:18.849: [INFO][Sync] Stopped: History Delete Directives
2024-11-25 13:13:18.849: [INFO][Sync] Stopped: Device Info
2024-11-25 13:13:18.849: [INFO][Sync] Stopped: User Consents
2024-11-25 13:13:18.849: [INFO][Sync] Stopped: Send Tab To Self
2024-11-25 13:13:18.849: [INFO][Sync] Stopped: Web Apps
2024-11-25 13:13:18.849: [INFO][Sync] Stopped: History
2024-11-25 13:13:18.849: [INFO][Sync] Stopped: Collection
2024-11-25 13:13:18.849: [INFO][Sync] Stopped: Edge E Drop
2024-11-25 13:13:18.849: [INFO][Sync] Stopped: Edge Hub App Usage
2024-11-25 13:13:18.849: [INFO][Sync] Stopped: Edge Tab Group
2024-11-25 13:13:18.849: [INFO][Sync] Stopped: Edge Wallet
2024-11-25 13:13:20.165: [INFO][Sync] Try to start sync engine
2024-11-25 13:13:20.166: [INFO][SyncManagerImpl::NudgeForInitialDownload] Initial download nudge for Encryption Keys
2024-11-25 13:13:20.166: [INFO][SyncEngineBackend::LoadAndConnectNigoriController] Load and connect Nigori controller
2024-11-25 13:13:20.166: [INFO][SyncEngineBackend::DoInitialize] Control Types added: Encryption Keys
2024-11-25 13:13:20.166: [INFO][SyncManagerImpl::ConfigureSyncer] Types to download: Encryption Keys with reason: 3
2024-11-25 13:13:20.166: [INFO][SyncSchedulerImpl::DoConfigurationSyncCycleJob] Configure job was blocked
2024-11-25 13:13:20.193: [INFO][SyncAuthManager::SetLastAuthError] Current auth error: None
2024-11-25 13:13:20.193: [INFO][SyncAuthManager::EdgeLogTokenErrorState] Token error with: None for account type: AAD
2024-11-25 13:13:20.193: [INFO][Sync] Credentials changed for: EdgeSyncKeyDataScope
2024-11-25 13:13:20.193: [INFO][SyncEngineBackend::DoUpdateKeyDataCredentials] Update key data credentials
2024-11-25 13:13:20.199: [INFO][SyncAuthManager::SetLastAuthError] Current auth error: None
2024-11-25 13:13:20.199: [INFO][SyncAuthManager::EdgeLogTokenErrorState] Token error with: None for account type: AAD
2024-11-25 13:13:20.199: [INFO][Sync] Credentials changed for: EdgeSyncScopeNew
2024-11-25 13:13:20.199: [INFO][SyncEngineBackend::DoUpdateCredentials] Update credentials
2024-11-25 13:13:20.199: [INFO][SyncSchedulerImpl::DoConfigurationSyncCycleJob] Blocked types:  and types to download: Encryption Keys
2024-11-25 13:13:23.074: [INFO][SyncEngineBackend::DoUpdateKeyDataCredentials] Update key data credentials
2024-11-25 13:13:23.076: [INFO][Sync] Started DataTypeManager configuration, reason: 4
2024-11-25 13:13:23.076: [INFO][Sync] Configuring for: Bookmarks, Preferences, Passwords, Autofill Profiles, Autofill, Typed URLs, Extensions, Sessions, Extension settings, History Delete Directives, Device Info, User Consents, Send Tab To Self, Web Apps, Collection, Edge E Drop, Edge Hub App Usage, Edge Tab Group, Edge Wallet, Encryption Keys, reason: 3, current state: 0
2024-11-25 13:13:23.076: [INFO][SyncEngineBackend::DoStartConfiguration] Start configuration
2024-11-25 13:13:23.076: [INFO][Sync] Configure, desired: Bookmarks, Preferences, Passwords, Autofill Profiles, Autofill, Typed URLs, Extensions, Sessions, Extension settings, History Delete Directives, Device Info, User Consents, Send Tab To Self, Web Apps, Collection, Edge E Drop, Edge Hub App Usage, Edge Tab Group, Edge Wallet, Encryption Keys; Allow fail: 
2024-11-25 13:13:23.076: [INFO][Sync] Loading: Bookmarks
2024-11-25 13:13:23.076: [INFO][Sync] Loading: Preferences
2024-11-25 13:13:23.076: [INFO][Sync] Loading: Passwords
2024-11-25 13:13:23.076: [INFO][Sync] Loading: Autofill Profiles
2024-11-25 13:13:23.076: [INFO][Sync] Loading: Autofill
2024-11-25 13:13:23.076: [INFO][Sync] Loading: Typed URLs
2024-11-25 13:13:23.077: [INFO][Sync] Loading: Extensions
2024-11-25 13:13:23.077: [INFO][Sync] Loading: Sessions
2024-11-25 13:13:23.077: [INFO][Sync] Loading: Extension settings
2024-11-25 13:13:23.077: [INFO][Sync] Loading: History Delete Directives
2024-11-25 13:13:23.077: [INFO][Sync] Loading: Device Info
2024-11-25 13:13:23.077: [INFO][Sync] Loading: User Consents
2024-11-25 13:13:23.077: [INFO][Sync] Loading: Send Tab To Self
2024-11-25 13:13:23.077: [INFO][Sync] Loading: Web Apps
2024-11-25 13:13:23.077: [INFO][Sync] Loading: Collection
2024-11-25 13:13:23.077: [INFO][Sync] Loading: Edge E Drop
2024-11-25 13:13:23.077: [INFO][Sync] Loading: Edge Hub App Usage
2024-11-25 13:13:23.077: [INFO][Sync] Loading: Edge Tab Group
2024-11-25 13:13:23.077: [INFO][Sync] Loading: Edge Wallet
2024-11-25 13:13:23.078: [INFO][Sync] All data types are ready for configure.
2024-11-25 13:13:23.078: [INFO][SyncManagerImpl::NudgeForInitialDownload] Initial download nudge for Bookmarks
2024-11-25 13:13:23.078: [INFO][SyncManagerImpl::NudgeForInitialDownload] Initial download nudge for Preferences
2024-11-25 13:13:23.078: [INFO][SyncManagerImpl::NudgeForInitialDownload] Initial download nudge for Passwords
2024-11-25 13:13:23.078: [INFO][SyncManagerImpl::NudgeForInitialDownload] Initial download nudge for Autofill Profiles
2024-11-25 13:13:23.078: [INFO][SyncManagerImpl::NudgeForInitialDownload] Initial download nudge for Autofill
2024-11-25 13:13:23.078: [INFO][SyncManagerImpl::NudgeForInitialDownload] Initial download nudge for Typed URLs
2024-11-25 13:13:23.078: [INFO][SyncManagerImpl::NudgeForInitialDownload] Initial download nudge for Extensions
2024-11-25 13:13:23.078: [INFO][SyncManagerImpl::NudgeForInitialDownload] Initial download nudge for Sessions
2024-11-25 13:13:23.078: [INFO][SyncManagerImpl::NudgeForInitialDownload] Initial download nudge for Extension settings
2024-11-25 13:13:23.078: [INFO][SyncManagerImpl::NudgeForInitialDownload] Initial download nudge for History Delete Directives
2024-11-25 13:13:23.078: [INFO][SyncManagerImpl::NudgeForInitialDownload] Initial download nudge for Device Info
2024-11-25 13:13:23.078: [INFO][SyncManagerImpl::NudgeForInitialDownload] Initial download nudge for Send Tab To Self
2024-11-25 13:13:23.078: [INFO][SyncManagerImpl::NudgeForInitialDownload] Initial download nudge for Web Apps
2024-11-25 13:13:23.078: [INFO][SyncManagerImpl::NudgeForInitialDownload] Initial download nudge for Collection
2024-11-25 13:13:23.078: [INFO][SyncManagerImpl::NudgeForInitialDownload] Initial download nudge for Edge E Drop
2024-11-25 13:13:23.078: [INFO][SyncManagerImpl::NudgeForInitialDownload] Initial download nudge for Edge Hub App Usage
2024-11-25 13:13:23.078: [INFO][SyncManagerImpl::NudgeForInitialDownload] Initial download nudge for Edge Tab Group
2024-11-25 13:13:23.078: [INFO][SyncManagerImpl::NudgeForInitialDownload] Initial download nudge for Edge Wallet
2024-11-25 13:13:23.078: [INFO][SyncManagerImpl::ConfigureSyncer] Types to download:  with reason: 3
2024-11-25 13:13:23.078: [INFO][SyncEngineBackend::DoFinishConfigureDataTypes] Failed to download types:  and succeeded types: 
2024-11-25 13:13:23.079: [INFO][Sync] ConfigurationDone, failed: , succeeded: , remaining count: 3
2024-11-25 13:13:23.079: [INFO][Sync] Prepare to configure types: Preferences, Passwords, Device Info, Send Tab To Self, Edge E Drop, Encryption Keys
2024-11-25 13:13:23.079: [INFO][SyncManagerImpl::ConfigureSyncer] Types to download: Preferences, Passwords, Device Info, Send Tab To Self, Edge E Drop, Encryption Keys with reason: 3
2024-11-25 13:13:23.079: [INFO][SyncSchedulerImpl::DoConfigurationSyncCycleJob] Blocked types:  and types to download: Preferences, Passwords, Device Info, Send Tab To Self, Edge E Drop, Encryption Keys
2024-11-25 13:13:23.344: [INFO][SyncEngineBackend::DoFinishConfigureDataTypes] Failed to download types:  and succeeded types: Preferences, Passwords, Device Info, Send Tab To Self, Edge E Drop, Encryption Keys
2024-11-25 13:13:23.348: [INFO][Sync] ConfigurationDone, failed: , succeeded: Preferences, Passwords, Device Info, Send Tab To Self, Edge E Drop, Encryption Keys, remaining count: 2
2024-11-25 13:13:23.348: [INFO][Sync] Prepare to configure types: Bookmarks, Encryption Keys
2024-11-25 13:13:23.348: [INFO][SyncManagerImpl::ConfigureSyncer] Types to download: Bookmarks, Encryption Keys with reason: 3
2024-11-25 13:13:23.348: [INFO][SyncSchedulerImpl::DoConfigurationSyncCycleJob] Blocked types:  and types to download: Bookmarks, Encryption Keys
2024-11-25 13:13:23.525: [INFO][SyncEngineBackend::DoFinishConfigureDataTypes] Failed to download types:  and succeeded types: Bookmarks, Encryption Keys
2024-11-25 13:13:23.525: [INFO][Sync] ConfigurationDone, failed: , succeeded: Bookmarks, Encryption Keys, remaining count: 1
2024-11-25 13:13:23.526: [INFO][Sync] Prepare to configure types: Autofill Profiles, Autofill, Typed URLs, Extensions, Sessions, Extension settings, History Delete Directives, Web Apps, Collection, Edge Hub App Usage, Edge Tab Group, Edge Wallet, Encryption Keys
2024-11-25 13:13:23.526: [INFO][SyncManagerImpl::ConfigureSyncer] Types to download: Autofill Profiles, Autofill, Typed URLs, Extensions, Sessions, Extension settings, History Delete Directives, Web Apps, Collection, Edge Hub App Usage, Edge Tab Group, Edge Wallet, Encryption Keys with reason: 3
2024-11-25 13:13:23.526: [INFO][SyncSchedulerImpl::DoConfigurationSyncCycleJob] Blocked types:  and types to download: Autofill Profiles, Autofill, Typed URLs, Extensions, Sessions, Extension settings, History Delete Directives, Web Apps, Collection, Edge Hub App Usage, Edge Tab Group, Edge Wallet, Encryption Keys
2024-11-25 13:13:23.863: [INFO][SyncEngineBackend::DoFinishConfigureDataTypes] Failed to download types:  and succeeded types: Autofill Profiles, Autofill, Typed URLs, Extensions, Sessions, Extension settings, History Delete Directives, Web Apps, Collection, Edge Hub App Usage, Edge Tab Group, Edge Wallet, Encryption Keys
2024-11-25 13:13:23.874: [INFO][Sync] ConfigurationDone, failed: , succeeded: Autofill Profiles, Autofill, Typed URLs, Extensions, Sessions, Extension settings, History Delete Directives, Web Apps, Collection, Edge Hub App Usage, Edge Tab Group, Edge Wallet, Encryption Keys, remaining count: 0
2024-11-25 13:13:23.875: [INFO][Sync]     Configuration completed, state: 3
2024-11-25 13:13:23.875: [INFO][Sync] Configured DataTypeManager: Ok
2024-11-25 13:13:23.876: [INFO][SyncEngineBackend::DoStartSyncing] Start syncing
